# JRE version: OpenJDK Runtime Environment (8.0_242-b01) (build 1.8.0_242-release-1644-b01)
# Java VM: OpenJDK 64-Bit Server VM (25.242-b01 mixed mode windows-amd64 compressed oops)
Heap:
 PSYoungGen      total 197120K, used 147442K [0x00000000d5580000, 0x00000000e5680000, 0x0000000100000000)
  eden space 156672K, 71% used [0x00000000d5580000,0x00000000dc3a6208,0x00000000dee80000)
  from space 40448K, 85% used [0x00000000e1a00000,0x00000000e3bd6908,0x00000000e4180000)
  to   space 44544K, 0% used [0x00000000dee80000,0x00000000dee80000,0x00000000e1a00000)
 ParOldGen       total 104960K, used 61765K [0x0000000080000000, 0x0000000086680000, 0x00000000d5580000)
  object space 104960K, 58% used [0x0000000080000000,0x0000000083c514e8,0x0000000086680000)
 Metaspace       used 91801K, capacity 98344K, committed 98600K, reserved 1140736K
  class space    used 12530K, capacity 13788K, committed 13872K, reserved 1048576K
GC Heap History (10 events):
Event: 141.648 GC heap before
{Heap before GC invocations=31 (full 3):
 PSYoungGen      total 155136K, used 139639K [0x00000000d5580000, 0x00000000e1800000, 0x0000000100000000)
  eden space 122368K, 100% used [0x00000000d5580000,0x00000000dcd00000,0x00000000dcd00000)
  from space 32768K, 52% used [0x00000000dcd00000,0x00000000dddddd50,0x00000000ded00000)
  to   space 32256K, 0% used [0x00000000df880000,0x00000000df880000,0x00000000e1800000)
 ParOldGen       total 104960K, used 61720K [0x0000000080000000, 0x0000000086680000, 0x00000000d5580000)
  object space 104960K, 58% used [0x0000000080000000,0x0000000083c462e0,0x0000000086680000)
 Metaspace       used 75873K, capacity 79790K, committed 80040K, reserved 1118208K
  class space    used 10120K, capacity 10832K, committed 10928K, reserved 1048576K
Event: 141.694 GC heap after
Heap after GC invocations=31 (full 3):
 PSYoungGen      total 164864K, used 21613K [0x00000000d5580000, 0x00000000e1800000, 0x0000000100000000)
  eden space 132608K, 0% used [0x00000000d5580000,0x00000000d5580000,0x00000000dd700000)
  from space 32256K, 67% used [0x00000000df880000,0x00000000e0d9b5e0,0x00000000e1800000)
  to   space 33280K, 0% used [0x00000000dd700000,0x00000000dd700000,0x00000000df780000)
 ParOldGen       total 104960K, used 61728K [0x0000000080000000, 0x0000000086680000, 0x00000000d5580000)
  object space 104960K, 58% used [0x0000000080000000,0x0000000083c482e0,0x0000000086680000)
 Metaspace       used 75873K, capacity 79790K, committed 80040K, reserved 1118208K
  class space    used 10120K, capacity 10832K, committed 10928K, reserved 1048576K
}
Event: 143.865 GC heap before
{Heap before GC invocations=32 (full 3):
 PSYoungGen      total 164864K, used 154221K [0x00000000d5580000, 0x00000000e1800000, 0x0000000100000000)
  eden space 132608K, 100% used [0x00000000d5580000,0x00000000dd700000,0x00000000dd700000)
  from space 32256K, 67% used [0x00000000df880000,0x00000000e0d9b5e0,0x00000000e1800000)
  to   space 33280K, 0% used [0x00000000dd700000,0x00000000dd700000,0x00000000df780000)
 ParOldGen       total 104960K, used 61733K [0x0000000080000000, 0x0000000086680000, 0x00000000d5580000)
  object space 104960K, 58% used [0x0000000080000000,0x0000000083c494e8,0x0000000086680000)
 Metaspace       used 75922K, capacity 79790K, committed 80040K, reserved 1118208K
  class space    used 10120K, capacity 10832K, committed 10928K, reserved 1048576K
Event: 143.897 GC heap after
Heap after GC invocations=32 (full 3):
 PSYoungGen      total 165888K, used 21140K [0x00000000d5580000, 0x00000000e2680000, 0x0000000100000000)
  eden space 132608K, 0% used [0x00000000d5580000,0x00000000d5580000,0x00000000dd700000)
  from space 33280K, 63% used [0x00000000dd700000,0x00000000deba5360,0x00000000df780000)
  to   space 33792K, 0% used [0x00000000e0580000,0x00000000e0580000,0x00000000e2680000)
 ParOldGen       total 104960K, used 61741K [0x0000000080000000, 0x0000000086680000, 0x00000000d5580000)
  object space 104960K, 58% used [0x0000000080000000,0x0000000083c4b4e8,0x0000000086680000)
 Metaspace       used 75922K, capacity 79790K, committed 80040K, reserved 1118208K
  class space    used 10120K, capacity 10832K, committed 10928K, reserved 1048576K
}
Event: 148.622 GC heap before
{Heap before GC invocations=33 (full 3):
 PSYoungGen      total 165888K, used 153748K [0x00000000d5580000, 0x00000000e2680000, 0x0000000100000000)
  eden space 132608K, 100% used [0x00000000d5580000,0x00000000dd700000,0x00000000dd700000)
  from space 33280K, 63% used [0x00000000dd700000,0x00000000deba5360,0x00000000df780000)
  to   space 33792K, 0% used [0x00000000e0580000,0x00000000e0580000,0x00000000e2680000)
 ParOldGen       total 104960K, used 61741K [0x0000000080000000, 0x0000000086680000, 0x00000000d5580000)
  object space 104960K, 58% used [0x0000000080000000,0x0000000083c4b4e8,0x0000000086680000)
 Metaspace       used 80077K, capacity 83998K, committed 84136K, reserved 1122304K
  class space    used 10670K, capacity 11397K, committed 11440K, reserved 1048576K
Event: 148.655 GC heap after
Heap after GC invocations=33 (full 3):
 PSYoungGen      total 178176K, used 26618K [0x00000000d5580000, 0x00000000e2a00000, 0x0000000100000000)
  eden space 144384K, 0% used [0x00000000d5580000,0x00000000d5580000,0x00000000de280000)
  from space 33792K, 78% used [0x00000000e0580000,0x00000000e1f7ea60,0x00000000e2680000)
  to   space 35840K, 0% used [0x00000000de280000,0x00000000de280000,0x00000000e0580000)
 ParOldGen       total 104960K, used 61749K [0x0000000080000000, 0x0000000086680000, 0x00000000d5580000)
  object space 104960K, 58% used [0x0000000080000000,0x0000000083c4d4e8,0x0000000086680000)
 Metaspace       used 80077K, capacity 83998K, committed 84136K, reserved 1122304K
  class space    used 10670K, capacity 11397K, committed 11440K, reserved 1048576K
}
Event: 153.852 GC heap before
{Heap before GC invocations=34 (full 3):
 PSYoungGen      total 178176K, used 171002K [0x00000000d5580000, 0x00000000e2a00000, 0x0000000100000000)
  eden space 144384K, 100% used [0x00000000d5580000,0x00000000de280000,0x00000000de280000)
  from space 33792K, 78% used [0x00000000e0580000,0x00000000e1f7ea60,0x00000000e2680000)
  to   space 35840K, 0% used [0x00000000de280000,0x00000000de280000,0x00000000e0580000)
 ParOldGen       total 104960K, used 61749K [0x0000000080000000, 0x0000000086680000, 0x00000000d5580000)
  object space 104960K, 58% used [0x0000000080000000,0x0000000083c4d4e8,0x0000000086680000)
 Metaspace       used 83787K, capacity 88204K, committed 88360K, reserved 1126400K
  class space    used 11198K, capacity 11992K, committed 12080K, reserved 1048576K
Event: 153.931 GC heap after
Heap after GC invocations=34 (full 3):
 PSYoungGen      total 180224K, used 33971K [0x00000000d5580000, 0x00000000e4180000, 0x0000000100000000)
  eden space 144384K, 0% used [0x00000000d5580000,0x00000000d5580000,0x00000000de280000)
  from space 35840K, 94% used [0x00000000de280000,0x00000000e03acde0,0x00000000e0580000)
  to   space 40448K, 0% used [0x00000000e1a00000,0x00000000e1a00000,0x00000000e4180000)
 ParOldGen       total 104960K, used 61757K [0x0000000080000000, 0x0000000086680000, 0x00000000d5580000)
  object space 104960K, 58% used [0x0000000080000000,0x0000000083c4f4e8,0x0000000086680000)
 Metaspace       used 83787K, capacity 88204K, committed 88360K, reserved 1126400K
  class space    used 11198K, capacity 11992K, committed 12080K, reserved 1048576K
}
Event: 158.760 GC heap before
{Heap before GC invocations=35 (full 3):
 PSYoungGen      total 180224K, used 178355K [0x00000000d5580000, 0x00000000e4180000, 0x0000000100000000)
  eden space 144384K, 100% used [0x00000000d5580000,0x00000000de280000,0x00000000de280000)
  from space 35840K, 94% used [0x00000000de280000,0x00000000e03acde0,0x00000000e0580000)
  to   space 40448K, 0% used [0x00000000e1a00000,0x00000000e1a00000,0x00000000e4180000)
 ParOldGen       total 104960K, used 61757K [0x0000000080000000, 0x0000000086680000, 0x00000000d5580000)
  object space 104960K, 58% used [0x0000000080000000,0x0000000083c4f4e8,0x0000000086680000)
 Metaspace       used 91593K, capacity 98074K, committed 98344K, reserved 1134592K
  class space    used 12505K, capacity 13751K, committed 13872K, reserved 1048576K
Event: 159.361 GC heap after
Heap after GC invocations=35 (full 3):
 PSYoungGen      total 197120K, used 34650K [0x00000000d5580000, 0x00000000e5680000, 0x0000000100000000)
  eden space 156672K, 0% used [0x00000000d5580000,0x00000000d5580000,0x00000000dee80000)
  from space 40448K, 85% used [0x00000000e1a00000,0x00000000e3bd6908,0x00000000e4180000)
  to   space 44544K, 0% used [0x00000000dee80000,0x00000000dee80000,0x00000000e1a00000)
 ParOldGen       total 104960K, used 61765K [0x0000000080000000, 0x0000000086680000, 0x00000000d5580000)
  object space 104960K, 58% used [0x0000000080000000,0x0000000083c514e8,0x0000000086680000)
 Metaspace       used 91593K, capacity 98074K, committed 98344K, reserved 1134592K
  class space    used 12505K, capacity 13751K, committed 13872K, reserved 1048576K
}

