# JRE version: OpenJDK Runtime Environment (8.0_242-b01) (build 1.8.0_242-release-1644-b01)
# Java VM: OpenJDK 64-Bit Server VM (25.242-b01 mixed mode windows-amd64 compressed oops)
Heap:
 PSYoungGen      total 370176K, used 222529K [0x00000000d5580000, 0x00000000f0b00000, 0x0000000100000000)
  eden space 321024K, 54% used [0x00000000d5580000,0x00000000dfed0a10,0x00000000e8f00000)
  from space 49152K, 99% used [0x00000000ec800000,0x00000000ef7ffda8,0x00000000ef800000)
  to   space 58368K, 0% used [0x00000000e8f00000,0x00000000e8f00000,0x00000000ec800000)
 ParOldGen       total 106496K, used 79560K [0x0000000080000000, 0x0000000086800000, 0x00000000d5580000)
  object space 106496K, 74% used [0x0000000080000000,0x0000000084db23c8,0x0000000086800000)
 Metaspace       used 78045K, capacity 82510K, committed 84504K, reserved 1122304K
  class space    used 10588K, capacity 11416K, committed 12080K, reserved 1048576K
GC Heap History (10 events):
Event: 45.091 GC heap before
{Heap before GC invocations=36 (full 20):
 PSYoungGen      total 323584K, used 302849K [0x00000000d5580000, 0x00000000ee000000, 0x0000000100000000)
  eden space 298496K, 100% used [0x00000000d5580000,0x00000000e7900000,0x00000000e7900000)
  from space 25088K, 17% used [0x00000000e7900000,0x00000000e7d405e8,0x00000000e9180000)
  to   space 47104K, 0% used [0x00000000eb200000,0x00000000eb200000,0x00000000ee000000)
 ParOldGen       total 106496K, used 75940K [0x0000000080000000, 0x0000000086800000, 0x00000000d5580000)
  object space 106496K, 71% used [0x0000000080000000,0x0000000084a293f0,0x0000000086800000)
 Metaspace       used 75870K, capacity 80004K, committed 82840K, reserved 1120256K
  class space    used 10300K, capacity 11093K, committed 11952K, reserved 1048576K
Event: 45.136 GC heap after
Heap after GC invocations=36 (full 20):
 PSYoungGen      total 352768K, used 17653K [0x00000000d5580000, 0x00000000edb80000, 0x0000000100000000)
  eden space 310272K, 0% used [0x00000000d5580000,0x00000000d5580000,0x00000000e8480000)
  from space 42496K, 41% used [0x00000000eb200000,0x00000000ec33d408,0x00000000edb80000)
  to   space 44544K, 0% used [0x00000000e8480000,0x00000000e8480000,0x00000000eb000000)
 ParOldGen       total 106496K, used 75940K [0x0000000080000000, 0x0000000086800000, 0x00000000d5580000)
  object space 106496K, 71% used [0x0000000080000000,0x0000000084a293f0,0x0000000086800000)
 Metaspace       used 75870K, capacity 80004K, committed 82840K, reserved 1120256K
  class space    used 10300K, capacity 11093K, committed 11952K, reserved 1048576K
}
Event: 46.063 GC heap before
{Heap before GC invocations=37 (full 20):
 PSYoungGen      total 352768K, used 327925K [0x00000000d5580000, 0x00000000edb80000, 0x0000000100000000)
  eden space 310272K, 100% used [0x00000000d5580000,0x00000000e8480000,0x00000000e8480000)
  from space 42496K, 41% used [0x00000000eb200000,0x00000000ec33d408,0x00000000edb80000)
  to   space 44544K, 0% used [0x00000000e8480000,0x00000000e8480000,0x00000000eb000000)
 ParOldGen       total 106496K, used 75940K [0x0000000080000000, 0x0000000086800000, 0x00000000d5580000)
  object space 106496K, 71% used [0x0000000080000000,0x0000000084a293f0,0x0000000086800000)
 Metaspace       used 75897K, capacity 80012K, committed 82840K, reserved 1120256K
  class space    used 10300K, capacity 11093K, committed 11952K, reserved 1048576K
Event: 46.105 GC heap after
Heap after GC invocations=37 (full 20):
 PSYoungGen      total 354816K, used 26594K [0x00000000d5580000, 0x00000000ee700000, 0x0000000100000000)
  eden space 310272K, 0% used [0x00000000d5580000,0x00000000d5580000,0x00000000e8480000)
  from space 44544K, 59% used [0x00000000e8480000,0x00000000e9e78a40,0x00000000eb000000)
  to   space 45056K, 0% used [0x00000000ebb00000,0x00000000ebb00000,0x00000000ee700000)
 ParOldGen       total 106496K, used 75940K [0x0000000080000000, 0x0000000086800000, 0x00000000d5580000)
  object space 106496K, 71% used [0x0000000080000000,0x0000000084a293f0,0x0000000086800000)
 Metaspace       used 75897K, capacity 80012K, committed 82840K, reserved 1120256K
  class space    used 10300K, capacity 11093K, committed 11952K, reserved 1048576K
}
Event: 47.674 GC heap before
{Heap before GC invocations=38 (full 20):
 PSYoungGen      total 354816K, used 336866K [0x00000000d5580000, 0x00000000ee700000, 0x0000000100000000)
  eden space 310272K, 100% used [0x00000000d5580000,0x00000000e8480000,0x00000000e8480000)
  from space 44544K, 59% used [0x00000000e8480000,0x00000000e9e78a40,0x00000000eb000000)
  to   space 45056K, 0% used [0x00000000ebb00000,0x00000000ebb00000,0x00000000ee700000)
 ParOldGen       total 106496K, used 75940K [0x0000000080000000, 0x0000000086800000, 0x00000000d5580000)
  object space 106496K, 71% used [0x0000000080000000,0x0000000084a293f0,0x0000000086800000)
 Metaspace       used 75914K, capacity 80082K, committed 82840K, reserved 1120256K
  class space    used 10301K, capacity 11094K, committed 11952K, reserved 1048576K
Event: 47.703 GC heap after
Heap after GC invocations=38 (full 20):
 PSYoungGen      total 360960K, used 20581K [0x00000000d5580000, 0x00000000ee300000, 0x0000000100000000)
  eden space 320000K, 0% used [0x00000000d5580000,0x00000000d5580000,0x00000000e8e00000)
  from space 40960K, 50% used [0x00000000ebb00000,0x00000000ecf19628,0x00000000ee300000)
  to   space 43520K, 0% used [0x00000000e8e00000,0x00000000e8e00000,0x00000000eb880000)
 ParOldGen       total 106496K, used 75940K [0x0000000080000000, 0x0000000086800000, 0x00000000d5580000)
  object space 106496K, 71% used [0x0000000080000000,0x0000000084a293f0,0x0000000086800000)
 Metaspace       used 75914K, capacity 80082K, committed 82840K, reserved 1120256K
  class space    used 10301K, capacity 11094K, committed 11952K, reserved 1048576K
}
Event: 49.624 GC heap before
{Heap before GC invocations=39 (full 20):
 PSYoungGen      total 360960K, used 340581K [0x00000000d5580000, 0x00000000ee300000, 0x0000000100000000)
  eden space 320000K, 100% used [0x00000000d5580000,0x00000000e8e00000,0x00000000e8e00000)
  from space 40960K, 50% used [0x00000000ebb00000,0x00000000ecf19628,0x00000000ee300000)
  to   space 43520K, 0% used [0x00000000e8e00000,0x00000000e8e00000,0x00000000eb880000)
 ParOldGen       total 106496K, used 75940K [0x0000000080000000, 0x0000000086800000, 0x00000000d5580000)
  object space 106496K, 71% used [0x0000000080000000,0x0000000084a293f0,0x0000000086800000)
 Metaspace       used 77191K, capacity 81572K, committed 83992K, reserved 1122304K
  class space    used 10490K, capacity 11281K, committed 12080K, reserved 1048576K
Event: 49.680 GC heap after
Heap after GC invocations=39 (full 20):
 PSYoungGen      total 363520K, used 40048K [0x00000000d5580000, 0x00000000ef800000, 0x0000000100000000)
  eden space 320000K, 0% used [0x00000000d5580000,0x00000000d5580000,0x00000000e8e00000)
  from space 43520K, 92% used [0x00000000e8e00000,0x00000000eb51c1b8,0x00000000eb880000)
  to   space 49152K, 0% used [0x00000000ec800000,0x00000000ec800000,0x00000000ef800000)
 ParOldGen       total 106496K, used 75948K [0x0000000080000000, 0x0000000086800000, 0x00000000d5580000)
  object space 106496K, 71% used [0x0000000080000000,0x0000000084a2b3f0,0x0000000086800000)
 Metaspace       used 77191K, capacity 81572K, committed 83992K, reserved 1122304K
  class space    used 10490K, capacity 11281K, committed 12080K, reserved 1048576K
}
Event: 52.394 GC heap before
{Heap before GC invocations=40 (full 20):
 PSYoungGen      total 363520K, used 360048K [0x00000000d5580000, 0x00000000ef800000, 0x0000000100000000)
  eden space 320000K, 100% used [0x00000000d5580000,0x00000000e8e00000,0x00000000e8e00000)
  from space 43520K, 92% used [0x00000000e8e00000,0x00000000eb51c1b8,0x00000000eb880000)
  to   space 49152K, 0% used [0x00000000ec800000,0x00000000ec800000,0x00000000ef800000)
 ParOldGen       total 106496K, used 75948K [0x0000000080000000, 0x0000000086800000, 0x00000000d5580000)
  object space 106496K, 71% used [0x0000000080000000,0x0000000084a2b3f0,0x0000000086800000)
 Metaspace       used 77999K, capacity 82434K, committed 84504K, reserved 1122304K
  class space    used 10584K, capacity 11414K, committed 12080K, reserved 1048576K
Event: 52.487 GC heap after
Heap after GC invocations=40 (full 20):
 PSYoungGen      total 370176K, used 49151K [0x00000000d5580000, 0x00000000f0b00000, 0x0000000100000000)
  eden space 321024K, 0% used [0x00000000d5580000,0x00000000d5580000,0x00000000e8f00000)
  from space 49152K, 99% used [0x00000000ec800000,0x00000000ef7ffda8,0x00000000ef800000)
  to   space 58368K, 0% used [0x00000000e8f00000,0x00000000e8f00000,0x00000000ec800000)
 ParOldGen       total 106496K, used 79560K [0x0000000080000000, 0x0000000086800000, 0x00000000d5580000)
  object space 106496K, 74% used [0x0000000080000000,0x0000000084db23c8,0x0000000086800000)
 Metaspace       used 77999K, capacity 82434K, committed 84504K, reserved 1122304K
  class space    used 10584K, capacity 11414K, committed 12080K, reserved 1048576K
}

