# JRE version: OpenJDK Runtime Environment (8.0_242-b01) (build 1.8.0_242-release-1644-b01)
# Java VM: OpenJDK 64-Bit Server VM (25.242-b01 mixed mode windows-amd64 compressed oops)
Heap:
 PSYoungGen      total 297984K, used 117962K [0x00000000d5580000, 0x00000000e8980000, 0x0000000100000000)
  eden space 281088K, 41% used [0x00000000d5580000,0x00000000dc8b28d8,0x00000000e6800000)
  from space 16896K, 0% used [0x00000000e6880000,0x00000000e6880000,0x00000000e7900000)
  to   space 13824K, 0% used [0x00000000e7c00000,0x00000000e7c00000,0x00000000e8980000)
 ParOldGen       total 50688K, used 40351K [0x0000000080000000, 0x0000000083180000, 0x00000000d5580000)
  object space 50688K, 79% used [0x0000000080000000,0x0000000082767de0,0x0000000083180000)
 Metaspace       used 62546K, capacity 65376K, committed 65624K, reserved 1105920K
  class space    used 8483K, capacity 9057K, committed 9088K, reserved 1048576K
GC Heap History (10 events):
Event: 7.307 GC heap before
{Heap before GC invocations=10 (full 1):
 PSYoungGen      total 196096K, used 81256K [0x00000000d5580000, 0x00000000e2580000, 0x0000000100000000)
  eden space 185856K, 38% used [0x00000000d5580000,0x00000000d9add4d0,0x00000000e0b00000)
  from space 10240K, 99% used [0x00000000e1b80000,0x00000000e257cec8,0x00000000e2580000)
  to   space 12800K, 0% used [0x00000000e0c80000,0x00000000e0c80000,0x00000000e1900000)
 ParOldGen       total 36864K, used 8404K [0x0000000080000000, 0x0000000082400000, 0x00000000d5580000)
  object space 36864K, 22% used [0x0000000080000000,0x0000000080835188,0x0000000082400000)
 Metaspace       used 33971K, capacity 35250K, committed 35416K, reserved 1079296K
  class space    used 4585K, capacity 4880K, committed 4992K, reserved 1048576K
Event: 7.327 GC heap after
Heap after GC invocations=10 (full 1):
 PSYoungGen      total 200192K, used 10692K [0x00000000d5580000, 0x00000000e8980000, 0x0000000100000000)
  eden space 187392K, 0% used [0x00000000d5580000,0x00000000d5580000,0x00000000e0c80000)
  from space 12800K, 83% used [0x00000000e0c80000,0x00000000e16f1380,0x00000000e1900000)
  to   space 13824K, 0% used [0x00000000e7c00000,0x00000000e7c00000,0x00000000e8980000)
 ParOldGen       total 36864K, used 8412K [0x0000000080000000, 0x0000000082400000, 0x00000000d5580000)
  object space 36864K, 22% used [0x0000000080000000,0x0000000080837188,0x0000000082400000)
 Metaspace       used 33971K, capacity 35250K, committed 35416K, reserved 1079296K
  class space    used 4585K, capacity 4880K, committed 4992K, reserved 1048576K
}
Event: 7.327 GC heap before
{Heap before GC invocations=11 (full 2):
 PSYoungGen      total 200192K, used 10692K [0x00000000d5580000, 0x00000000e8980000, 0x0000000100000000)
  eden space 187392K, 0% used [0x00000000d5580000,0x00000000d5580000,0x00000000e0c80000)
  from space 12800K, 83% used [0x00000000e0c80000,0x00000000e16f1380,0x00000000e1900000)
  to   space 13824K, 0% used [0x00000000e7c00000,0x00000000e7c00000,0x00000000e8980000)
 ParOldGen       total 36864K, used 8412K [0x0000000080000000, 0x0000000082400000, 0x00000000d5580000)
  object space 36864K, 22% used [0x0000000080000000,0x0000000080837188,0x0000000082400000)
 Metaspace       used 33971K, capacity 35250K, committed 35416K, reserved 1079296K
  class space    used 4585K, capacity 4880K, committed 4992K, reserved 1048576K
Event: 7.390 GC heap after
Heap after GC invocations=11 (full 2):
 PSYoungGen      total 200192K, used 0K [0x00000000d5580000, 0x00000000e8980000, 0x0000000100000000)
  eden space 187392K, 0% used [0x00000000d5580000,0x00000000d5580000,0x00000000e0c80000)
  from space 12800K, 0% used [0x00000000e0c80000,0x00000000e0c80000,0x00000000e1900000)
  to   space 13824K, 0% used [0x00000000e7c00000,0x00000000e7c00000,0x00000000e8980000)
 ParOldGen       total 50688K, used 17107K [0x0000000080000000, 0x0000000083180000, 0x00000000d5580000)
  object space 50688K, 33% used [0x0000000080000000,0x00000000810b4e80,0x0000000083180000)
 Metaspace       used 33971K, capacity 35250K, committed 35416K, reserved 1079296K
  class space    used 4585K, capacity 4880K, committed 4992K, reserved 1048576K
}
Event: 11.930 GC heap before
{Heap before GC invocations=12 (full 2):
 PSYoungGen      total 200192K, used 187392K [0x00000000d5580000, 0x00000000e8980000, 0x0000000100000000)
  eden space 187392K, 100% used [0x00000000d5580000,0x00000000e0c80000,0x00000000e0c80000)
  from space 12800K, 0% used [0x00000000e0c80000,0x00000000e0c80000,0x00000000e1900000)
  to   space 13824K, 0% used [0x00000000e7c00000,0x00000000e7c00000,0x00000000e8980000)
 ParOldGen       total 50688K, used 17107K [0x0000000080000000, 0x0000000083180000, 0x00000000d5580000)
  object space 50688K, 33% used [0x0000000080000000,0x00000000810b4e80,0x0000000083180000)
 Metaspace       used 43917K, capacity 46028K, committed 46296K, reserved 1089536K
  class space    used 5968K, capacity 6390K, committed 6400K, reserved 1048576K
Event: 11.964 GC heap after
Heap after GC invocations=12 (full 2):
 PSYoungGen      total 294912K, used 13792K [0x00000000d5580000, 0x00000000e8980000, 0x0000000100000000)
  eden space 281088K, 0% used [0x00000000d5580000,0x00000000d5580000,0x00000000e6800000)
  from space 13824K, 99% used [0x00000000e7c00000,0x00000000e8978230,0x00000000e8980000)
  to   space 16896K, 0% used [0x00000000e6880000,0x00000000e6880000,0x00000000e7900000)
 ParOldGen       total 50688K, used 20490K [0x0000000080000000, 0x0000000083180000, 0x00000000d5580000)
  object space 50688K, 40% used [0x0000000080000000,0x0000000081402a98,0x0000000083180000)
 Metaspace       used 43917K, capacity 46028K, committed 46296K, reserved 1089536K
  class space    used 5968K, capacity 6390K, committed 6400K, reserved 1048576K
}
Event: 16.264 GC heap before
{Heap before GC invocations=13 (full 2):
 PSYoungGen      total 294912K, used 172531K [0x00000000d5580000, 0x00000000e8980000, 0x0000000100000000)
  eden space 281088K, 56% used [0x00000000d5580000,0x00000000df084c68,0x00000000e6800000)
  from space 13824K, 99% used [0x00000000e7c00000,0x00000000e8978230,0x00000000e8980000)
  to   space 16896K, 0% used [0x00000000e6880000,0x00000000e6880000,0x00000000e7900000)
 ParOldGen       total 50688K, used 20490K [0x0000000080000000, 0x0000000083180000, 0x00000000d5580000)
  object space 50688K, 40% used [0x0000000080000000,0x0000000081402a98,0x0000000083180000)
 Metaspace       used 56371K, capacity 58842K, committed 58968K, reserved 1099776K
  class space    used 7480K, capacity 7973K, committed 8064K, reserved 1048576K
Event: 16.309 GC heap after
Heap after GC invocations=13 (full 2):
 PSYoungGen      total 297984K, used 16892K [0x00000000d5580000, 0x00000000e8980000, 0x0000000100000000)
  eden space 281088K, 0% used [0x00000000d5580000,0x00000000d5580000,0x00000000e6800000)
  from space 16896K, 99% used [0x00000000e6880000,0x00000000e78ff3a0,0x00000000e7900000)
  to   space 13824K, 0% used [0x00000000e7c00000,0x00000000e7c00000,0x00000000e8980000)
 ParOldGen       total 50688K, used 30675K [0x0000000080000000, 0x0000000083180000, 0x00000000d5580000)
  object space 50688K, 60% used [0x0000000080000000,0x0000000081df4ff0,0x0000000083180000)
 Metaspace       used 56371K, capacity 58842K, committed 58968K, reserved 1099776K
  class space    used 7480K, capacity 7973K, committed 8064K, reserved 1048576K
}
Event: 16.309 GC heap before
{Heap before GC invocations=14 (full 3):
 PSYoungGen      total 297984K, used 16892K [0x00000000d5580000, 0x00000000e8980000, 0x0000000100000000)
  eden space 281088K, 0% used [0x00000000d5580000,0x00000000d5580000,0x00000000e6800000)
  from space 16896K, 99% used [0x00000000e6880000,0x00000000e78ff3a0,0x00000000e7900000)
  to   space 13824K, 0% used [0x00000000e7c00000,0x00000000e7c00000,0x00000000e8980000)
 ParOldGen       total 50688K, used 30675K [0x0000000080000000, 0x0000000083180000, 0x00000000d5580000)
  object space 50688K, 60% used [0x0000000080000000,0x0000000081df4ff0,0x0000000083180000)
 Metaspace       used 56371K, capacity 58842K, committed 58968K, reserved 1099776K
  class space    used 7480K, capacity 7973K, committed 8064K, reserved 1048576K
Event: 16.618 GC heap after
Heap after GC invocations=14 (full 3):
 PSYoungGen      total 297984K, used 0K [0x00000000d5580000, 0x00000000e8980000, 0x0000000100000000)
  eden space 281088K, 0% used [0x00000000d5580000,0x00000000d5580000,0x00000000e6800000)
  from space 16896K, 0% used [0x00000000e6880000,0x00000000e6880000,0x00000000e7900000)
  to   space 13824K, 0% used [0x00000000e7c00000,0x00000000e7c00000,0x00000000e8980000)
 ParOldGen       total 50688K, used 40351K [0x0000000080000000, 0x0000000083180000, 0x00000000d5580000)
  object space 50688K, 79% used [0x0000000080000000,0x0000000082767de0,0x0000000083180000)
 Metaspace       used 56284K, capacity 58568K, committed 58968K, reserved 1099776K
  class space    used 7453K, capacity 7932K, committed 8064K, reserved 1048576K
}

