# JRE version: OpenJDK Runtime Environment (8.0_242-b01) (build 1.8.0_242-release-1644-b01)
# Java VM: OpenJDK 64-Bit Server VM (25.242-b01 mixed mode windows-amd64 compressed oops)
Heap:
 PSYoungGen      total 332288K, used 330679K [0x00000000d5580000, 0x00000000ec880000, 0x0000000100000000)
  eden space 306176K, 99% used [0x00000000d5580000,0x00000000e7ef4908,0x00000000e8080000)
  from space 26112K, 99% used [0x00000000e9580000,0x00000000eaef9588,0x00000000eaf00000)
  to   space 22016K, 0% used [0x00000000eb300000,0x00000000eb300000,0x00000000ec880000)
 ParOldGen       total 97792K, used 55052K [0x0000000080000000, 0x0000000085f80000, 0x00000000d5580000)
  object space 97792K, 56% used [0x0000000080000000,0x00000000835c31e0,0x0000000085f80000)
 Metaspace       used 92244K, capacity 97018K, committed 97112K, reserved 1132544K
  class space    used 12205K, capacity 13161K, committed 13184K, reserved 1048576K
GC Heap History (10 events):
Event: 13.259 GC heap before
{Heap before GC invocations=12 (full 2):
 PSYoungGen      total 200704K, used 188416K [0x00000000d5580000, 0x00000000e5e80000, 0x0000000100000000)
  eden space 188416K, 100% used [0x00000000d5580000,0x00000000e0d80000,0x00000000e0d80000)
  from space 12288K, 0% used [0x00000000e0d80000,0x00000000e0d80000,0x00000000e1980000)
  to   space 13312K, 0% used [0x00000000e5180000,0x00000000e5180000,0x00000000e5e80000)
 ParOldGen       total 59392K, used 17002K [0x0000000080000000, 0x0000000083a00000, 0x00000000d5580000)
  object space 59392K, 28% used [0x0000000080000000,0x000000008109ab58,0x0000000083a00000)
 Metaspace       used 44128K, capacity 46126K, committed 46424K, reserved 1089536K
  class space    used 6002K, capacity 6421K, committed 6528K, reserved 1048576K
Event: 13.288 GC heap after
Heap after GC invocations=12 (full 2):
 PSYoungGen      total 254464K, used 13311K [0x00000000d5580000, 0x00000000e7880000, 0x0000000100000000)
  eden space 241152K, 0% used [0x00000000d5580000,0x00000000d5580000,0x00000000e4100000)
  from space 13312K, 99% used [0x00000000e5180000,0x00000000e5e7fd20,0x00000000e5e80000)
  to   space 16896K, 0% used [0x00000000e4100000,0x00000000e4100000,0x00000000e5180000)
 ParOldGen       total 59392K, used 21284K [0x0000000080000000, 0x0000000083a00000, 0x00000000d5580000)
  object space 59392K, 35% used [0x0000000080000000,0x00000000814c93a0,0x0000000083a00000)
 Metaspace       used 44128K, capacity 46126K, committed 46424K, reserved 1089536K
  class space    used 6002K, capacity 6421K, committed 6528K, reserved 1048576K
}
Event: 15.974 GC heap before
{Heap before GC invocations=13 (full 2):
 PSYoungGen      total 254464K, used 165788K [0x00000000d5580000, 0x00000000e7880000, 0x0000000100000000)
  eden space 241152K, 63% used [0x00000000d5580000,0x00000000dea67648,0x00000000e4100000)
  from space 13312K, 99% used [0x00000000e5180000,0x00000000e5e7fd20,0x00000000e5e80000)
  to   space 16896K, 0% used [0x00000000e4100000,0x00000000e4100000,0x00000000e5180000)
 ParOldGen       total 59392K, used 21284K [0x0000000080000000, 0x0000000083a00000, 0x00000000d5580000)
  object space 59392K, 35% used [0x0000000080000000,0x00000000814c93a0,0x0000000083a00000)
 Metaspace       used 56362K, capacity 58848K, committed 58968K, reserved 1099776K
  class space    used 7478K, capacity 7972K, committed 8064K, reserved 1048576K
Event: 16.022 GC heap after
Heap after GC invocations=13 (full 2):
 PSYoungGen      total 258048K, used 16876K [0x00000000d5580000, 0x00000000ec980000, 0x0000000100000000)
  eden space 241152K, 0% used [0x00000000d5580000,0x00000000d5580000,0x00000000e4100000)
  from space 16896K, 99% used [0x00000000e4100000,0x00000000e517b3f0,0x00000000e5180000)
  to   space 23040K, 0% used [0x00000000eb300000,0x00000000eb300000,0x00000000ec980000)
 ParOldGen       total 59392K, used 31319K [0x0000000080000000, 0x0000000083a00000, 0x00000000d5580000)
  object space 59392K, 52% used [0x0000000080000000,0x0000000081e95cd8,0x0000000083a00000)
 Metaspace       used 56362K, capacity 58848K, committed 58968K, reserved 1099776K
  class space    used 7478K, capacity 7972K, committed 8064K, reserved 1048576K
}
Event: 16.022 GC heap before
{Heap before GC invocations=14 (full 3):
 PSYoungGen      total 258048K, used 16876K [0x00000000d5580000, 0x00000000ec980000, 0x0000000100000000)
  eden space 241152K, 0% used [0x00000000d5580000,0x00000000d5580000,0x00000000e4100000)
  from space 16896K, 99% used [0x00000000e4100000,0x00000000e517b3f0,0x00000000e5180000)
  to   space 23040K, 0% used [0x00000000eb300000,0x00000000eb300000,0x00000000ec980000)
 ParOldGen       total 59392K, used 31319K [0x0000000080000000, 0x0000000083a00000, 0x00000000d5580000)
  object space 59392K, 52% used [0x0000000080000000,0x0000000081e95cd8,0x0000000083a00000)
 Metaspace       used 56362K, capacity 58848K, committed 58968K, reserved 1099776K
  class space    used 7478K, capacity 7972K, committed 8064K, reserved 1048576K
Event: 16.336 GC heap after
Heap after GC invocations=14 (full 3):
 PSYoungGen      total 258048K, used 0K [0x00000000d5580000, 0x00000000ec980000, 0x0000000100000000)
  eden space 241152K, 0% used [0x00000000d5580000,0x00000000d5580000,0x00000000e4100000)
  from space 16896K, 0% used [0x00000000e4100000,0x00000000e4100000,0x00000000e5180000)
  to   space 23040K, 0% used [0x00000000eb300000,0x00000000eb300000,0x00000000ec980000)
 ParOldGen       total 97792K, used 40167K [0x0000000080000000, 0x0000000085f80000, 0x00000000d5580000)
  object space 97792K, 41% used [0x0000000080000000,0x0000000082739dc8,0x0000000085f80000)
 Metaspace       used 56276K, capacity 58580K, committed 58968K, reserved 1099776K
  class space    used 7452K, capacity 7932K, committed 8064K, reserved 1048576K
}
Event: 23.777 GC heap before
{Heap before GC invocations=15 (full 3):
 PSYoungGen      total 258048K, used 241152K [0x00000000d5580000, 0x00000000ec980000, 0x0000000100000000)
  eden space 241152K, 100% used [0x00000000d5580000,0x00000000e4100000,0x00000000e4100000)
  from space 16896K, 0% used [0x00000000e4100000,0x00000000e4100000,0x00000000e5180000)
  to   space 23040K, 0% used [0x00000000eb300000,0x00000000eb300000,0x00000000ec980000)
 ParOldGen       total 97792K, used 40167K [0x0000000080000000, 0x0000000085f80000, 0x00000000d5580000)
  object space 97792K, 41% used [0x0000000080000000,0x0000000082739dc8,0x0000000085f80000)
 Metaspace       used 69880K, capacity 72900K, committed 73176K, reserved 1112064K
  class space    used 9587K, capacity 10204K, committed 10240K, reserved 1048576K
Event: 23.816 GC heap after
Heap after GC invocations=15 (full 3):
 PSYoungGen      total 328192K, used 21983K [0x00000000d5580000, 0x00000000ec880000, 0x0000000100000000)
  eden space 306176K, 0% used [0x00000000d5580000,0x00000000d5580000,0x00000000e8080000)
  from space 22016K, 99% used [0x00000000eb300000,0x00000000ec877d90,0x00000000ec880000)
  to   space 26112K, 0% used [0x00000000e9580000,0x00000000e9580000,0x00000000eaf00000)
 ParOldGen       total 97792K, used 40175K [0x0000000080000000, 0x0000000085f80000, 0x00000000d5580000)
  object space 97792K, 41% used [0x0000000080000000,0x000000008273bdc8,0x0000000085f80000)
 Metaspace       used 69880K, capacity 72900K, committed 73176K, reserved 1112064K
  class space    used 9587K, capacity 10204K, committed 10240K, reserved 1048576K
}
Event: 67.466 GC heap before
{Heap before GC invocations=16 (full 3):
 PSYoungGen      total 328192K, used 328159K [0x00000000d5580000, 0x00000000ec880000, 0x0000000100000000)
  eden space 306176K, 100% used [0x00000000d5580000,0x00000000e8080000,0x00000000e8080000)
  from space 22016K, 99% used [0x00000000eb300000,0x00000000ec877d90,0x00000000ec880000)
  to   space 26112K, 0% used [0x00000000e9580000,0x00000000e9580000,0x00000000eaf00000)
 ParOldGen       total 97792K, used 40175K [0x0000000080000000, 0x0000000085f80000, 0x00000000d5580000)
  object space 97792K, 41% used [0x0000000080000000,0x000000008273bdc8,0x0000000085f80000)
 Metaspace       used 86601K, capacity 91036K, committed 91096K, reserved 1128448K
  class space    used 11590K, capacity 12514K, committed 12544K, reserved 1048576K
Event: 67.528 GC heap after
Heap after GC invocations=16 (full 3):
 PSYoungGen      total 332288K, used 26085K [0x00000000d5580000, 0x00000000ec880000, 0x0000000100000000)
  eden space 306176K, 0% used [0x00000000d5580000,0x00000000d5580000,0x00000000e8080000)
  from space 26112K, 99% used [0x00000000e9580000,0x00000000eaef9588,0x00000000eaf00000)
  to   space 22016K, 0% used [0x00000000eb300000,0x00000000eb300000,0x00000000ec880000)
 ParOldGen       total 97792K, used 55052K [0x0000000080000000, 0x0000000085f80000, 0x00000000d5580000)
  object space 97792K, 56% used [0x0000000080000000,0x00000000835c31e0,0x0000000085f80000)
 Metaspace       used 86601K, capacity 91036K, committed 91096K, reserved 1128448K
  class space    used 11590K, capacity 12514K, committed 12544K, reserved 1048576K
}

