# JRE version: OpenJDK Runtime Environment (8.0_242-b01) (build 1.8.0_242-release-1644-b01)
# Java VM: OpenJDK 64-Bit Server VM (25.242-b01 mixed mode windows-amd64 compressed oops)
Heap:
 PSYoungGen      total 310784K, used 106397K [0x00000000d5580000, 0x00000000eb100000, 0x0000000100000000)
  eden space 268800K, 37% used [0x00000000d5580000,0x00000000db6e1bc0,0x00000000e5c00000)
  from space 41984K, 15% used [0x00000000e8800000,0x00000000e8e85bf0,0x00000000eb100000)
  to   space 43520K, 0% used [0x00000000e5c00000,0x00000000e5c00000,0x00000000e8680000)
 ParOldGen       total 217088K, used 138353K [0x0000000080000000, 0x000000008d400000, 0x00000000d5580000)
  object space 217088K, 63% used [0x0000000080000000,0x000000008871c5a8,0x000000008d400000)
 Metaspace       used 75292K, capacity 79394K, committed 82728K, reserved 1120256K
  class space    used 10280K, capacity 11060K, committed 12080K, reserved 1048576K
GC Heap History (10 events):
Event: 35.629 GC heap before
{Heap before GC invocations=22 (full 4):
 PSYoungGen      total 266240K, used 8930K [0x00000000d5580000, 0x00000000e8880000, 0x0000000100000000)
  eden space 218112K, 0% used [0x00000000d5580000,0x00000000d5580000,0x00000000e2a80000)
  from space 48128K, 18% used [0x00000000e5800000,0x00000000e60b89b0,0x00000000e8700000)
  to   space 46592K, 0% used [0x00000000e2a80000,0x00000000e2a80000,0x00000000e5800000)
 ParOldGen       total 111616K, used 111379K [0x0000000080000000, 0x0000000086d00000, 0x00000000d5580000)
  object space 111616K, 99% used [0x0000000080000000,0x0000000086cc4ce8,0x0000000086d00000)
 Metaspace       used 75628K, capacity 81532K, committed 81704K, reserved 1118208K
  class space    used 10797K, capacity 12011K, committed 12080K, reserved 1048576K
Event: 36.178 GC heap after
Heap after GC invocations=22 (full 4):
 PSYoungGen      total 266240K, used 0K [0x00000000d5580000, 0x00000000e8880000, 0x0000000100000000)
  eden space 218112K, 0% used [0x00000000d5580000,0x00000000d5580000,0x00000000e2a80000)
  from space 48128K, 0% used [0x00000000e5800000,0x00000000e5800000,0x00000000e8700000)
  to   space 46592K, 0% used [0x00000000e2a80000,0x00000000e2a80000,0x00000000e5800000)
 ParOldGen       total 217088K, used 105913K [0x0000000080000000, 0x000000008d400000, 0x00000000d5580000)
  object space 217088K, 48% used [0x0000000080000000,0x000000008676e668,0x000000008d400000)
 Metaspace       used 74022K, capacity 77884K, committed 81704K, reserved 1118208K
  class space    used 10217K, capacity 10969K, committed 12080K, reserved 1048576K
}
Event: 37.131 GC heap before
{Heap before GC invocations=23 (full 4):
 PSYoungGen      total 266240K, used 218112K [0x00000000d5580000, 0x00000000e8880000, 0x0000000100000000)
  eden space 218112K, 100% used [0x00000000d5580000,0x00000000e2a80000,0x00000000e2a80000)
  from space 48128K, 0% used [0x00000000e5800000,0x00000000e5800000,0x00000000e8700000)
  to   space 46592K, 0% used [0x00000000e2a80000,0x00000000e2a80000,0x00000000e5800000)
 ParOldGen       total 217088K, used 105913K [0x0000000080000000, 0x000000008d400000, 0x00000000d5580000)
  object space 217088K, 48% used [0x0000000080000000,0x000000008676e668,0x000000008d400000)
 Metaspace       used 74550K, capacity 78640K, committed 82216K, reserved 1120256K
  class space    used 10277K, capacity 11055K, committed 12080K, reserved 1048576K
Event: 37.173 GC heap after
Heap after GC invocations=23 (full 4):
 PSYoungGen      total 264704K, used 22448K [0x00000000d5580000, 0x00000000eb480000, 0x0000000100000000)
  eden space 218112K, 0% used [0x00000000d5580000,0x00000000d5580000,0x00000000e2a80000)
  from space 46592K, 48% used [0x00000000e2a80000,0x00000000e406c250,0x00000000e5800000)
  to   space 45568K, 0% used [0x00000000e8800000,0x00000000e8800000,0x00000000eb480000)
 ParOldGen       total 217088K, used 105913K [0x0000000080000000, 0x000000008d400000, 0x00000000d5580000)
  object space 217088K, 48% used [0x0000000080000000,0x000000008676e668,0x000000008d400000)
 Metaspace       used 74550K, capacity 78640K, committed 82216K, reserved 1120256K
  class space    used 10277K, capacity 11055K, committed 12080K, reserved 1048576K
}
Event: 37.969 GC heap before
{Heap before GC invocations=24 (full 4):
 PSYoungGen      total 264704K, used 240560K [0x00000000d5580000, 0x00000000eb480000, 0x0000000100000000)
  eden space 218112K, 100% used [0x00000000d5580000,0x00000000e2a80000,0x00000000e2a80000)
  from space 46592K, 48% used [0x00000000e2a80000,0x00000000e406c250,0x00000000e5800000)
  to   space 45568K, 0% used [0x00000000e8800000,0x00000000e8800000,0x00000000eb480000)
 ParOldGen       total 217088K, used 105913K [0x0000000080000000, 0x000000008d400000, 0x00000000d5580000)
  object space 217088K, 48% used [0x0000000080000000,0x000000008676e668,0x000000008d400000)
 Metaspace       used 75004K, capacity 79094K, committed 82472K, reserved 1120256K
  class space    used 10278K, capacity 11058K, committed 12080K, reserved 1048576K
Event: 38.001 GC heap after
Heap after GC invocations=24 (full 4):
 PSYoungGen      total 310784K, used 13225K [0x00000000d5580000, 0x00000000eb100000, 0x0000000100000000)
  eden space 268800K, 0% used [0x00000000d5580000,0x00000000d5580000,0x00000000e5c00000)
  from space 41984K, 31% used [0x00000000e8800000,0x00000000e94ea488,0x00000000eb100000)
  to   space 43520K, 0% used [0x00000000e5c00000,0x00000000e5c00000,0x00000000e8680000)
 ParOldGen       total 217088K, used 121824K [0x0000000080000000, 0x000000008d400000, 0x00000000d5580000)
  object space 217088K, 56% used [0x0000000080000000,0x00000000876f8368,0x000000008d400000)
 Metaspace       used 75004K, capacity 79094K, committed 82472K, reserved 1120256K
  class space    used 10278K, capacity 11058K, committed 12080K, reserved 1048576K
}
Event: 38.577 GC heap before
{Heap before GC invocations=25 (full 4):
 PSYoungGen      total 310784K, used 282025K [0x00000000d5580000, 0x00000000eb100000, 0x0000000100000000)
  eden space 268800K, 100% used [0x00000000d5580000,0x00000000e5c00000,0x00000000e5c00000)
  from space 41984K, 31% used [0x00000000e8800000,0x00000000e94ea488,0x00000000eb100000)
  to   space 43520K, 0% used [0x00000000e5c00000,0x00000000e5c00000,0x00000000e8680000)
 ParOldGen       total 217088K, used 121824K [0x0000000080000000, 0x000000008d400000, 0x00000000d5580000)
  object space 217088K, 56% used [0x0000000080000000,0x00000000876f8368,0x000000008d400000)
 Metaspace       used 75184K, capacity 79316K, committed 82728K, reserved 1120256K
  class space    used 10279K, capacity 11059K, committed 12080K, reserved 1048576K
Event: 38.612 GC heap after
Heap after GC invocations=25 (full 4):
 PSYoungGen      total 312320K, used 8971K [0x00000000d5580000, 0x00000000eb100000, 0x0000000100000000)
  eden space 268800K, 0% used [0x00000000d5580000,0x00000000d5580000,0x00000000e5c00000)
  from space 43520K, 20% used [0x00000000e5c00000,0x00000000e64c2eb0,0x00000000e8680000)
  to   space 41984K, 0% used [0x00000000e8800000,0x00000000e8800000,0x00000000eb100000)
 ParOldGen       total 217088K, used 131248K [0x0000000080000000, 0x000000008d400000, 0x00000000d5580000)
  object space 217088K, 60% used [0x0000000080000000,0x000000008802c380,0x000000008d400000)
 Metaspace       used 75184K, capacity 79316K, committed 82728K, reserved 1120256K
  class space    used 10279K, capacity 11059K, committed 12080K, reserved 1048576K
}
Event: 39.354 GC heap before
{Heap before GC invocations=26 (full 4):
 PSYoungGen      total 312320K, used 277771K [0x00000000d5580000, 0x00000000eb100000, 0x0000000100000000)
  eden space 268800K, 100% used [0x00000000d5580000,0x00000000e5c00000,0x00000000e5c00000)
  from space 43520K, 20% used [0x00000000e5c00000,0x00000000e64c2eb0,0x00000000e8680000)
  to   space 41984K, 0% used [0x00000000e8800000,0x00000000e8800000,0x00000000eb100000)
 ParOldGen       total 217088K, used 131248K [0x0000000080000000, 0x000000008d400000, 0x00000000d5580000)
  object space 217088K, 60% used [0x0000000080000000,0x000000008802c380,0x000000008d400000)
 Metaspace       used 75273K, capacity 79394K, committed 82728K, reserved 1120256K
  class space    used 10280K, capacity 11060K, committed 12080K, reserved 1048576K
Event: 39.383 GC heap after
Heap after GC invocations=26 (full 4):
 PSYoungGen      total 310784K, used 6678K [0x00000000d5580000, 0x00000000eb100000, 0x0000000100000000)
  eden space 268800K, 0% used [0x00000000d5580000,0x00000000d5580000,0x00000000e5c00000)
  from space 41984K, 15% used [0x00000000e8800000,0x00000000e8e85bf0,0x00000000eb100000)
  to   space 43520K, 0% used [0x00000000e5c00000,0x00000000e5c00000,0x00000000e8680000)
 ParOldGen       total 217088K, used 138353K [0x0000000080000000, 0x000000008d400000, 0x00000000d5580000)
  object space 217088K, 63% used [0x0000000080000000,0x000000008871c5a8,0x000000008d400000)
 Metaspace       used 75273K, capacity 79394K, committed 82728K, reserved 1120256K
  class space    used 10280K, capacity 11060K, committed 12080K, reserved 1048576K
}

